1603266022481:help
1603266033442:save
1603266135653:help
1603266149436:save http://test.ru
1603266156293:get_all
1603266175964:save http://localhost.ru
1603266182067:get_all
1603266249452:save dddd
1603266252510:get all
1603266258361:get_all
1603267990053:save http://test.ru
1603267993578:show_all
1603268001981:get_all
1603268009867:d_id 1
1603270056489:save test
1603270093452:get_all
1603270102689:f_id 1
1603270297984:save http://trst.ru
1603270303109:get_all
1603272075570:update 1 https://test.ru
1603272080725:get_all
1603272209218:save test
1603272212553:get_All
1603272217505:get_all
1603272230251:ubdate 1 tttt
1603272237396:update 1 pppp
1603272373660:save tttt
1603272378481:update 1 ppp
1603272382394:get_all
1603786163920:help
1603786168065:get_all
1603786183991:save http://test.ru
1603786186827:get_all
1603786202772:update 1 http://local.ru
1603786207763:get_all
1603786406160:hetp
1603786412117:help
1603786444063:save http://localhost.ru
1603786455344:save https://localhost.ru
1603786456554:all
1603786484874:update 1 https://test.ru
1603786487695:all
1603786493310:delete 1
1603786495423:all
1603786508399:save https://localhost.ru
1603786509642:all
1603786516856:delete 3
1603786518587:all
1603786527128:save test.ru
1603786529028:all
1603788424986:help
1603788430613:save test
1603788432781:all
1603788439797:update 2 ttt
1604041808110:help
1604041812592:all
1604041826004:save http:/test
1604041840997:save http://test.ru description
1604041843249:all
1604041997861:add tets.ru eeer
1604042006702:save test.ru desc
1604042008837:all
1604042163996:save test.ru desc
1604042184146:all
1604299694828:save test.ru link
1604299697291:all
1604299711945:help
1604299725549:update 1 teest.ru
1604299739086:update teest.ru description
1604299760851:update tesst.ru
1604299771561:update 1 test,tt desc
1604299773415:all
1604299783206:update 1 test.ru
1604299813736:all
1604299828789:update 1 test.ru desccc
1604299830498:all
1604302866983:add test.ru some description
1604302880728:arr test.ru desc
1604302906033:all
1604302914222:add test.rrr desc
1604302953469:all
1604302969280:add localhost.net someDesc
1604302975137:all
1604303004581:add test.ee desc
1604303118197:all
1604303124337:add test.ru desc
1604303126505:all
1604303396242:add test.ru desc
1604303403042:all
1604303571868:add test.tr desc
1604303574199:all
1604303577598:help
1604303956733:all
1604303963126:add test.ru desc
1604303977479:add localhost.ru tesss
1604304031469:all
1604304037913:add twss.ru dsss
1604304124767:all
1604304129524:add test.ru dddd
1604304218684:all
1604304223282:add test.ru dsd
1604304225133:all
1604304915022:help
1604304920770:add test.ru dddd
1604304922455:all
1604304949314:add test.ru ddd
1604304950556:all
1604309600543:add test.ru ddd
1604309602982:all
1604309668025:add test.ru desc
1604309679564:add test.net desc desc
1604309688461:add test.net descDesc
1604309689832:all
1604309952953:add test.ru desc
1604309954906:all
1604309965449:add testst.net descDesc
1604309966774:all
1604310028137:add test.ru dsds
1604310029762:all
1604310033758:add tete dddd
1604310035231:all
1604310234330:add test.ru desc
1604310248387:update test.ru
1604310403842:add te de
1604310410565:u te
1604310553043:add test.ru descTest.ru
1604310564142:addtest.net descTest.net
1604310582851:add test.net descTest.net
1604310584401:all
1604310603586:u test.net localhost.ru newDesc
1604310605089:all
1604310648060:add test.ru desc
1604310658699:u test.ru tt.ru newDesc
1604310755599:add test.ru desc
1604310766609:u test.ru tt.ru newDesc
1604310772772:all
